\BOOKMARK [0][-]{chapter.1}{\376\377\0001\000\040\000N\000a\000m\000e\000s\000p\000a\000c\000e\000\040\000I\000n\000d\000e\000x}{}% 1
\BOOKMARK [1][-]{section.1.1}{\376\377\0001\000.\0001\000\040\000N\000a\000m\000e\000s\000p\000a\000c\000e\000\040\000L\000i\000s\000t}{chapter.1}% 2
\BOOKMARK [0][-]{chapter.2}{\376\377\0002\000\040\000H\000i\000e\000r\000a\000r\000c\000h\000i\000c\000a\000l\000\040\000I\000n\000d\000e\000x}{}% 3
\BOOKMARK [1][-]{section.2.1}{\376\377\0002\000.\0001\000\040\000C\000l\000a\000s\000s\000\040\000H\000i\000e\000r\000a\000r\000c\000h\000y}{chapter.2}% 4
\BOOKMARK [0][-]{chapter.3}{\376\377\0003\000\040\000C\000l\000a\000s\000s\000\040\000I\000n\000d\000e\000x}{}% 5
\BOOKMARK [1][-]{section.3.1}{\376\377\0003\000.\0001\000\040\000C\000l\000a\000s\000s\000\040\000L\000i\000s\000t}{chapter.3}% 6
\BOOKMARK [0][-]{chapter.4}{\376\377\0004\000\040\000F\000i\000l\000e\000\040\000I\000n\000d\000e\000x}{}% 7
\BOOKMARK [1][-]{section.4.1}{\376\377\0004\000.\0001\000\040\000F\000i\000l\000e\000\040\000L\000i\000s\000t}{chapter.4}% 8
\BOOKMARK [0][-]{chapter.5}{\376\377\0005\000\040\000N\000a\000m\000e\000s\000p\000a\000c\000e\000\040\000D\000o\000c\000u\000m\000e\000n\000t\000a\000t\000i\000o\000n}{}% 9
\BOOKMARK [1][-]{section.5.1}{\376\377\0005\000.\0001\000\040\000b\000o\000o\000s\000t\000\040\000N\000a\000m\000e\000s\000p\000a\000c\000e\000\040\000R\000e\000f\000e\000r\000e\000n\000c\000e}{chapter.5}% 10
\BOOKMARK [1][-]{section.5.2}{\376\377\0005\000.\0002\000\040\000b\000o\000o\000s\000t\000:\000:\000t\000e\000s\000t\000\137\000t\000o\000o\000l\000s\000\040\000N\000a\000m\000e\000s\000p\000a\000c\000e\000\040\000R\000e\000f\000e\000r\000e\000n\000c\000e}{chapter.5}% 11
\BOOKMARK [1][-]{section.5.3}{\376\377\0005\000.\0003\000\040\000b\000o\000o\000s\000t\000:\000:\000t\000e\000s\000t\000\137\000t\000o\000o\000l\000s\000:\000:\000t\000t\000\137\000d\000e\000t\000a\000i\000l\000\040\000N\000a\000m\000e\000s\000p\000a\000c\000e\000\040\000R\000e\000f\000e\000r\000e\000n\000c\000e}{chapter.5}% 12
\BOOKMARK [1][-]{section.5.4}{\376\377\0005\000.\0004\000\040\000G\000P\000S\000\040\000N\000a\000m\000e\000s\000p\000a\000c\000e\000\040\000R\000e\000f\000e\000r\000e\000n\000c\000e}{chapter.5}% 13
\BOOKMARK [2][-]{subsection.5.4.1}{\376\377\0005\000.\0004\000.\0001\000\040\000T\000y\000p\000e\000d\000e\000f\000\040\000D\000o\000c\000u\000m\000e\000n\000t\000a\000t\000i\000o\000n}{section.5.4}% 14
\BOOKMARK [3][-]{subsubsection.5.4.1.1}{\376\377\0005\000.\0004\000.\0001\000.\0001\000\040\000d\000e\000g\000r\000e\000e\000s}{subsection.5.4.1}% 15
\BOOKMARK [3][-]{subsubsection.5.4.1.2}{\376\377\0005\000.\0004\000.\0001\000.\0002\000\040\000m\000e\000t\000r\000e\000s}{subsection.5.4.1}% 16
\BOOKMARK [3][-]{subsubsection.5.4.1.3}{\376\377\0005\000.\0004\000.\0001\000.\0003\000\040\000r\000a\000d\000i\000a\000n\000s}{subsection.5.4.1}% 17
\BOOKMARK [3][-]{subsubsection.5.4.1.4}{\376\377\0005\000.\0004\000.\0001\000.\0004\000\040\000s\000e\000c\000o\000n\000d\000s}{subsection.5.4.1}% 18
\BOOKMARK [3][-]{subsubsection.5.4.1.5}{\376\377\0005\000.\0004\000.\0001\000.\0005\000\040\000s\000p\000e\000e\000d}{subsection.5.4.1}% 19
\BOOKMARK [2][-]{subsection.5.4.2}{\376\377\0005\000.\0004\000.\0002\000\040\000F\000u\000n\000c\000t\000i\000o\000n\000\040\000D\000o\000c\000u\000m\000e\000n\000t\000a\000t\000i\000o\000n}{section.5.4}% 20
\BOOKMARK [3][-]{subsubsection.5.4.2.1}{\376\377\0005\000.\0004\000.\0002\000.\0001\000\040\000d\000d\000m\000T\000o\000d\000d\000\050\000\051}{subsection.5.4.2}% 21
\BOOKMARK [3][-]{subsubsection.5.4.2.2}{\376\377\0005\000.\0004\000.\0002\000.\0002\000\040\000d\000e\000g\000T\000o\000R\000a\000d\000\050\000\051}{subsection.5.4.2}% 22
\BOOKMARK [3][-]{subsubsection.5.4.2.3}{\376\377\0005\000.\0004\000.\0002\000.\0003\000\040\000n\000o\000r\000m\000a\000l\000i\000s\000e\000D\000e\000g\000\050\000\051}{subsection.5.4.2}% 23
\BOOKMARK [3][-]{subsubsection.5.4.2.4}{\376\377\0005\000.\0004\000.\0002\000.\0004\000\040\000r\000a\000d\000T\000o\000D\000e\000g\000\050\000\051}{subsection.5.4.2}% 24
\BOOKMARK [3][-]{subsubsection.5.4.2.5}{\376\377\0005\000.\0004\000.\0002\000.\0005\000\040\000s\000i\000n\000S\000q\000r\000\050\000\051}{subsection.5.4.2}% 25
\BOOKMARK [2][-]{subsection.5.4.3}{\376\377\0005\000.\0004\000.\0003\000\040\000V\000a\000r\000i\000a\000b\000l\000e\000\040\000D\000o\000c\000u\000m\000e\000n\000t\000a\000t\000i\000o\000n}{section.5.4}% 26
\BOOKMARK [3][-]{subsubsection.5.4.3.1}{\376\377\0005\000.\0004\000.\0003\000.\0001\000\040\000a\000n\000t\000i\000M\000e\000r\000i\000d\000i\000a\000n\000L\000o\000n\000g\000i\000t\000u\000d\000e}{subsection.5.4.3}% 27
\BOOKMARK [3][-]{subsubsection.5.4.3.2}{\376\377\0005\000.\0004\000.\0003\000.\0002\000\040\000f\000u\000l\000l\000R\000o\000t\000a\000t\000i\000o\000n}{subsection.5.4.3}% 28
\BOOKMARK [3][-]{subsubsection.5.4.3.3}{\376\377\0005\000.\0004\000.\0003\000.\0003\000\040\000h\000a\000l\000f\000R\000o\000t\000a\000t\000i\000o\000n}{subsection.5.4.3}% 29
\BOOKMARK [3][-]{subsubsection.5.4.3.4}{\376\377\0005\000.\0004\000.\0003\000.\0004\000\040\000p\000i}{subsection.5.4.3}% 30
\BOOKMARK [3][-]{subsubsection.5.4.3.5}{\376\377\0005\000.\0004\000.\0003\000.\0005\000\040\000p\000o\000l\000e\000L\000a\000t\000i\000t\000u\000d\000e}{subsection.5.4.3}% 31
\BOOKMARK [1][-]{section.5.5}{\376\377\0005\000.\0005\000\040\000G\000P\000S\000:\000:\000E\000a\000r\000t\000h\000\040\000N\000a\000m\000e\000s\000p\000a\000c\000e\000\040\000R\000e\000f\000e\000r\000e\000n\000c\000e}{chapter.5}% 32
\BOOKMARK [2][-]{subsection.5.5.1}{\376\377\0005\000.\0005\000.\0001\000\040\000F\000u\000n\000c\000t\000i\000o\000n\000\040\000D\000o\000c\000u\000m\000e\000n\000t\000a\000t\000i\000o\000n}{section.5.5}% 33
\BOOKMARK [3][-]{subsubsection.5.5.1.1}{\376\377\0005\000.\0005\000.\0001\000.\0001\000\040\000l\000a\000t\000i\000t\000u\000d\000e\000S\000u\000b\000t\000e\000n\000d\000e\000d\000B\000y\000\050\000\051}{subsection.5.5.1}% 34
\BOOKMARK [3][-]{subsubsection.5.5.1.2}{\376\377\0005\000.\0005\000.\0001\000.\0002\000\040\000l\000o\000n\000g\000i\000t\000u\000d\000e\000S\000u\000b\000t\000e\000n\000d\000e\000d\000B\000y\000\050\000\051}{subsection.5.5.1}% 35
\BOOKMARK [2][-]{subsection.5.5.2}{\376\377\0005\000.\0005\000.\0002\000\040\000V\000a\000r\000i\000a\000b\000l\000e\000\040\000D\000o\000c\000u\000m\000e\000n\000t\000a\000t\000i\000o\000n}{section.5.5}% 36
\BOOKMARK [3][-]{subsubsection.5.5.2.1}{\376\377\0005\000.\0005\000.\0002\000.\0001\000\040\000C\000i\000t\000y\000C\000a\000m\000p\000u\000s}{subsection.5.5.2}% 37
\BOOKMARK [3][-]{subsubsection.5.5.2.2}{\376\377\0005\000.\0005\000.\0002\000.\0002\000\040\000C\000l\000i\000f\000t\000o\000n\000C\000a\000m\000p\000u\000s}{subsection.5.5.2}% 38
\BOOKMARK [3][-]{subsubsection.5.5.2.3}{\376\377\0005\000.\0005\000.\0002\000.\0003\000\040\000E\000q\000u\000a\000t\000o\000r\000i\000a\000l\000A\000n\000t\000i\000M\000e\000r\000i\000d\000i\000a\000n}{subsection.5.5.2}% 39
\BOOKMARK [3][-]{subsubsection.5.5.2.4}{\376\377\0005\000.\0005\000.\0002\000.\0004\000\040\000e\000q\000u\000a\000t\000o\000r\000i\000a\000l\000C\000i\000r\000c\000u\000m\000f\000e\000r\000e\000n\000c\000e}{subsection.5.5.2}% 40
\BOOKMARK [3][-]{subsubsection.5.5.2.5}{\376\377\0005\000.\0005\000.\0002\000.\0005\000\040\000E\000q\000u\000a\000t\000o\000r\000i\000a\000l\000M\000e\000r\000i\000d\000i\000a\000n}{subsection.5.5.2}% 41
\BOOKMARK [3][-]{subsubsection.5.5.2.6}{\376\377\0005\000.\0005\000.\0002\000.\0006\000\040\000m\000e\000a\000n\000R\000a\000d\000i\000u\000s}{subsection.5.5.2}% 42
\BOOKMARK [3][-]{subsubsection.5.5.2.7}{\376\377\0005\000.\0005\000.\0002\000.\0007\000\040\000N\000o\000r\000t\000h\000P\000o\000l\000e}{subsection.5.5.2}% 43
\BOOKMARK [3][-]{subsubsection.5.5.2.8}{\376\377\0005\000.\0005\000.\0002\000.\0008\000\040\000p\000o\000l\000a\000r\000C\000i\000r\000c\000u\000m\000f\000e\000r\000e\000n\000c\000e}{subsection.5.5.2}% 44
\BOOKMARK [3][-]{subsubsection.5.5.2.9}{\376\377\0005\000.\0005\000.\0002\000.\0009\000\040\000P\000o\000n\000t\000i\000a\000n\000a\000k}{subsection.5.5.2}% 45
\BOOKMARK [1][-]{section.5.6}{\376\377\0005\000.\0006\000\040\000G\000P\000S\000:\000:\000L\000o\000g\000F\000i\000l\000e\000s\000\040\000N\000a\000m\000e\000s\000p\000a\000c\000e\000\040\000R\000e\000f\000e\000r\000e\000n\000c\000e}{chapter.5}% 46
\BOOKMARK [2][-]{subsection.5.6.1}{\376\377\0005\000.\0006\000.\0001\000\040\000V\000a\000r\000i\000a\000b\000l\000e\000\040\000D\000o\000c\000u\000m\000e\000n\000t\000a\000t\000i\000o\000n}{section.5.6}% 47
\BOOKMARK [3][-]{subsubsection.5.6.1.1}{\376\377\0005\000.\0006\000.\0001\000.\0001\000\040\000G\000P\000X\000R\000o\000u\000t\000e\000s\000D\000i\000r}{subsection.5.6.1}% 48
\BOOKMARK [3][-]{subsubsection.5.6.1.2}{\376\377\0005\000.\0006\000.\0001\000.\0002\000\040\000G\000P\000X\000T\000r\000a\000c\000k\000s\000D\000i\000r}{subsection.5.6.1}% 49
\BOOKMARK [3][-]{subsubsection.5.6.1.3}{\376\377\0005\000.\0006\000.\0001\000.\0003\000\040\000l\000o\000g\000s\000D\000i\000r}{subsection.5.6.1}% 50
\BOOKMARK [3][-]{subsubsection.5.6.1.4}{\376\377\0005\000.\0006\000.\0001\000.\0004\000\040\000N\000M\000E\000A\000L\000o\000g\000s\000D\000i\000r}{subsection.5.6.1}% 51
\BOOKMARK [1][-]{section.5.7}{\376\377\0005\000.\0007\000\040\000N\000M\000E\000A\000\040\000N\000a\000m\000e\000s\000p\000a\000c\000e\000\040\000R\000e\000f\000e\000r\000e\000n\000c\000e}{chapter.5}% 52
\BOOKMARK [2][-]{subsection.5.7.1}{\376\377\0005\000.\0007\000.\0001\000\040\000T\000y\000p\000e\000d\000e\000f\000\040\000D\000o\000c\000u\000m\000e\000n\000t\000a\000t\000i\000o\000n}{section.5.7}% 53
\BOOKMARK [3][-]{subsubsection.5.7.1.1}{\376\377\0005\000.\0007\000.\0001\000.\0001\000\040\000R\000o\000u\000t\000e}{subsection.5.7.1}% 54
\BOOKMARK [3][-]{subsubsection.5.7.1.2}{\376\377\0005\000.\0007\000.\0001\000.\0002\000\040\000S\000e\000n\000t\000e\000n\000c\000e\000D\000a\000t\000a}{subsection.5.7.1}% 55
\BOOKMARK [2][-]{subsection.5.7.2}{\376\377\0005\000.\0007\000.\0002\000\040\000F\000u\000n\000c\000t\000i\000o\000n\000\040\000D\000o\000c\000u\000m\000e\000n\000t\000a\000t\000i\000o\000n}{section.5.7}% 56
\BOOKMARK [3][-]{subsubsection.5.7.2.1}{\376\377\0005\000.\0007\000.\0002\000.\0001\000\040\000e\000x\000t\000r\000a\000c\000t\000S\000e\000n\000t\000e\000n\000c\000e\000D\000a\000t\000a\000\050\000\051}{subsection.5.7.2}% 57
\BOOKMARK [3][-]{subsubsection.5.7.2.2}{\376\377\0005\000.\0007\000.\0002\000.\0002\000\040\000h\000a\000s\000V\000a\000l\000i\000d\000C\000h\000e\000c\000k\000s\000u\000m\000\050\000\051}{subsection.5.7.2}% 58
\BOOKMARK [3][-]{subsubsection.5.7.2.3}{\376\377\0005\000.\0007\000.\0002\000.\0003\000\040\000i\000s\000W\000e\000l\000l\000F\000o\000r\000m\000e\000d\000S\000e\000n\000t\000e\000n\000c\000e\000\050\000\051}{subsection.5.7.2}% 59
\BOOKMARK [3][-]{subsubsection.5.7.2.4}{\376\377\0005\000.\0007\000.\0002\000.\0004\000\040\000p\000o\000s\000i\000t\000i\000o\000n\000F\000r\000o\000m\000S\000e\000n\000t\000e\000n\000c\000e\000D\000a\000t\000a\000\050\000\051}{subsection.5.7.2}% 60
\BOOKMARK [3][-]{subsubsection.5.7.2.5}{\376\377\0005\000.\0007\000.\0002\000.\0005\000\040\000r\000o\000u\000t\000e\000F\000r\000o\000m\000L\000o\000g\000\050\000\051}{subsection.5.7.2}% 61
\BOOKMARK [0][-]{chapter.6}{\376\377\0006\000\040\000C\000l\000a\000s\000s\000\040\000D\000o\000c\000u\000m\000e\000n\000t\000a\000t\000i\000o\000n}{}% 62
\BOOKMARK [1][-]{section.6.1}{\376\377\0006\000.\0001\000\040\000G\000P\000S\000:\000:\000P\000o\000s\000i\000t\000i\000o\000n\000\040\000C\000l\000a\000s\000s\000\040\000R\000e\000f\000e\000r\000e\000n\000c\000e}{chapter.6}% 63
\BOOKMARK [2][-]{subsection.6.1.1}{\376\377\0006\000.\0001\000.\0001\000\040\000C\000o\000n\000s\000t\000r\000u\000c\000t\000o\000r\000\040\000\046\000\040\000D\000e\000s\000t\000r\000u\000c\000t\000o\000r\000\040\000D\000o\000c\000u\000m\000e\000n\000t\000a\000t\000i\000o\000n}{section.6.1}% 64
\BOOKMARK [3][-]{subsubsection.6.1.1.1}{\376\377\0006\000.\0001\000.\0001\000.\0001\000\040\000P\000o\000s\000i\000t\000i\000o\000n\000\050\000\051\000\040\000[\0001\000/\0003\000]}{subsection.6.1.1}% 65
\BOOKMARK [3][-]{subsubsection.6.1.1.2}{\376\377\0006\000.\0001\000.\0001\000.\0002\000\040\000P\000o\000s\000i\000t\000i\000o\000n\000\050\000\051\000\040\000[\0002\000/\0003\000]}{subsection.6.1.1}% 66
\BOOKMARK [3][-]{subsubsection.6.1.1.3}{\376\377\0006\000.\0001\000.\0001\000.\0003\000\040\000P\000o\000s\000i\000t\000i\000o\000n\000\050\000\051\000\040\000[\0003\000/\0003\000]}{subsection.6.1.1}% 67
\BOOKMARK [2][-]{subsection.6.1.2}{\376\377\0006\000.\0001\000.\0002\000\040\000M\000e\000m\000b\000e\000r\000\040\000F\000u\000n\000c\000t\000i\000o\000n\000\040\000D\000o\000c\000u\000m\000e\000n\000t\000a\000t\000i\000o\000n}{section.6.1}% 68
\BOOKMARK [3][-]{subsubsection.6.1.2.1}{\376\377\0006\000.\0001\000.\0002\000.\0001\000\040\000d\000i\000s\000t\000a\000n\000c\000e\000B\000e\000t\000w\000e\000e\000n\000\050\000\051}{subsection.6.1.2}% 69
\BOOKMARK [3][-]{subsubsection.6.1.2.2}{\376\377\0006\000.\0001\000.\0002\000.\0002\000\040\000e\000l\000e\000v\000a\000t\000i\000o\000n\000\050\000\051}{subsection.6.1.2}% 70
\BOOKMARK [3][-]{subsubsection.6.1.2.3}{\376\377\0006\000.\0001\000.\0002\000.\0003\000\040\000l\000a\000t\000i\000t\000u\000d\000e\000\050\000\051}{subsection.6.1.2}% 71
\BOOKMARK [3][-]{subsubsection.6.1.2.4}{\376\377\0006\000.\0001\000.\0002\000.\0004\000\040\000l\000o\000n\000g\000i\000t\000u\000d\000e\000\050\000\051}{subsection.6.1.2}% 72
\BOOKMARK [3][-]{subsubsection.6.1.2.5}{\376\377\0006\000.\0001\000.\0002\000.\0005\000\040\000t\000o\000S\000t\000r\000i\000n\000g\000\050\000\051}{subsection.6.1.2}% 73
\BOOKMARK [1][-]{section.6.2}{\376\377\0006\000.\0002\000\040\000b\000o\000o\000s\000t\000:\000:\000t\000e\000s\000t\000\137\000t\000o\000o\000l\000s\000:\000:\000t\000t\000\137\000d\000e\000t\000a\000i\000l\000:\000:\000p\000r\000i\000n\000t\000\137\000l\000o\000g\000\137\000v\000a\000l\000u\000e\000<\000\040\000s\000t\000d\000:\000:\000v\000e\000c\000t\000o\000r\000<\000\040\000s\000t\000d\000:\000:\000s\000t\000r\000i\000n\000g\000\040\000>\000\040\000>\000\040\000S\000t\000r\000u\000c\000t\000\040\000R\000e\000f\000e\000r\000e\000n\000c\000e}{chapter.6}% 74
\BOOKMARK [2][-]{subsection.6.2.1}{\376\377\0006\000.\0002\000.\0001\000\040\000M\000e\000m\000b\000e\000r\000\040\000F\000u\000n\000c\000t\000i\000o\000n\000\040\000D\000o\000c\000u\000m\000e\000n\000t\000a\000t\000i\000o\000n}{section.6.2}% 75
\BOOKMARK [3][-]{subsubsection.6.2.1.1}{\376\377\0006\000.\0002\000.\0001\000.\0001\000\040\000o\000p\000e\000r\000a\000t\000o\000r\000\050\000\051\000\050\000\051}{subsection.6.2.1}% 76
\BOOKMARK [1][-]{section.6.3}{\376\377\0006\000.\0003\000\040\000G\000P\000S\000:\000:\000R\000o\000u\000t\000e\000\040\000C\000l\000a\000s\000s\000\040\000R\000e\000f\000e\000r\000e\000n\000c\000e}{chapter.6}% 77
\BOOKMARK [2][-]{subsection.6.3.1}{\376\377\0006\000.\0003\000.\0001\000\040\000C\000o\000n\000s\000t\000r\000u\000c\000t\000o\000r\000\040\000\046\000\040\000D\000e\000s\000t\000r\000u\000c\000t\000o\000r\000\040\000D\000o\000c\000u\000m\000e\000n\000t\000a\000t\000i\000o\000n}{section.6.3}% 78
\BOOKMARK [3][-]{subsubsection.6.3.1.1}{\376\377\0006\000.\0003\000.\0001\000.\0001\000\040\000R\000o\000u\000t\000e\000\050\000\051\000\040\000[\0001\000/\0002\000]}{subsection.6.3.1}% 79
\BOOKMARK [3][-]{subsubsection.6.3.1.2}{\376\377\0006\000.\0003\000.\0001\000.\0002\000\040\000R\000o\000u\000t\000e\000\050\000\051\000\040\000[\0002\000/\0002\000]}{subsection.6.3.1}% 80
\BOOKMARK [2][-]{subsection.6.3.2}{\376\377\0006\000.\0003\000.\0002\000\040\000M\000e\000m\000b\000e\000r\000\040\000F\000u\000n\000c\000t\000i\000o\000n\000\040\000D\000o\000c\000u\000m\000e\000n\000t\000a\000t\000i\000o\000n}{section.6.3}% 81
\BOOKMARK [3][-]{subsubsection.6.3.2.1}{\376\377\0006\000.\0003\000.\0002\000.\0001\000\040\000a\000r\000e\000S\000a\000m\000e\000L\000o\000c\000a\000t\000i\000o\000n\000\050\000\051}{subsection.6.3.2}% 82
\BOOKMARK [3][-]{subsubsection.6.3.2.2}{\376\377\0006\000.\0003\000.\0002\000.\0002\000\040\000c\000o\000n\000t\000a\000i\000n\000s\000C\000y\000c\000l\000e\000s\000\050\000\051}{subsection.6.3.2}% 83
\BOOKMARK [3][-]{subsubsection.6.3.2.3}{\376\377\0006\000.\0003\000.\0002\000.\0003\000\040\000f\000i\000n\000d\000N\000a\000m\000e\000O\000f\000\050\000\051}{subsection.6.3.2}% 84
\BOOKMARK [3][-]{subsubsection.6.3.2.4}{\376\377\0006\000.\0003\000.\0002\000.\0004\000\040\000f\000i\000n\000d\000P\000o\000s\000i\000t\000i\000o\000n\000\050\000\051}{subsection.6.3.2}% 85
\BOOKMARK [3][-]{subsubsection.6.3.2.5}{\376\377\0006\000.\0003\000.\0002\000.\0005\000\040\000m\000a\000x\000E\000l\000e\000v\000a\000t\000i\000o\000n\000\050\000\051}{subsection.6.3.2}% 86
\BOOKMARK [3][-]{subsubsection.6.3.2.6}{\376\377\0006\000.\0003\000.\0002\000.\0006\000\040\000m\000a\000x\000G\000r\000a\000d\000i\000e\000n\000t\000\050\000\051}{subsection.6.3.2}% 87
\BOOKMARK [3][-]{subsubsection.6.3.2.7}{\376\377\0006\000.\0003\000.\0002\000.\0007\000\040\000m\000a\000x\000L\000a\000t\000i\000t\000u\000d\000e\000\050\000\051}{subsection.6.3.2}% 88
\BOOKMARK [3][-]{subsubsection.6.3.2.8}{\376\377\0006\000.\0003\000.\0002\000.\0008\000\040\000m\000a\000x\000L\000o\000n\000g\000i\000t\000u\000d\000e\000\050\000\051}{subsection.6.3.2}% 89
\BOOKMARK [3][-]{subsubsection.6.3.2.9}{\376\377\0006\000.\0003\000.\0002\000.\0009\000\040\000m\000i\000n\000E\000l\000e\000v\000a\000t\000i\000o\000n\000\050\000\051}{subsection.6.3.2}% 90
\BOOKMARK [3][-]{subsubsection.6.3.2.10}{\376\377\0006\000.\0003\000.\0002\000.\0001\0000\000\040\000m\000i\000n\000G\000r\000a\000d\000i\000e\000n\000t\000\050\000\051}{subsection.6.3.2}% 91
\BOOKMARK [3][-]{subsubsection.6.3.2.11}{\376\377\0006\000.\0003\000.\0002\000.\0001\0001\000\040\000m\000i\000n\000L\000a\000t\000i\000t\000u\000d\000e\000\050\000\051}{subsection.6.3.2}% 92
\BOOKMARK [3][-]{subsubsection.6.3.2.12}{\376\377\0006\000.\0003\000.\0002\000.\0001\0002\000\040\000m\000i\000n\000L\000o\000n\000g\000i\000t\000u\000d\000e\000\050\000\051}{subsection.6.3.2}% 93
\BOOKMARK [3][-]{subsubsection.6.3.2.13}{\376\377\0006\000.\0003\000.\0002\000.\0001\0003\000\040\000n\000a\000m\000e\000\050\000\051}{subsection.6.3.2}% 94
\BOOKMARK [3][-]{subsubsection.6.3.2.14}{\376\377\0006\000.\0003\000.\0002\000.\0001\0004\000\040\000n\000e\000t\000H\000e\000i\000g\000h\000t\000G\000a\000i\000n\000\050\000\051}{subsection.6.3.2}% 95
\BOOKMARK [3][-]{subsubsection.6.3.2.15}{\376\377\0006\000.\0003\000.\0002\000.\0001\0005\000\040\000n\000e\000t\000L\000e\000n\000g\000t\000h\000\050\000\051}{subsection.6.3.2}% 96
\BOOKMARK [3][-]{subsubsection.6.3.2.16}{\376\377\0006\000.\0003\000.\0002\000.\0001\0006\000\040\000n\000u\000m\000P\000o\000s\000i\000t\000i\000o\000n\000s\000\050\000\051}{subsection.6.3.2}% 97
\BOOKMARK [3][-]{subsubsection.6.3.2.17}{\376\377\0006\000.\0003\000.\0002\000.\0001\0007\000\040\000o\000p\000e\000r\000a\000t\000o\000r\000[\000]\000\050\000\051}{subsection.6.3.2}% 98
\BOOKMARK [3][-]{subsubsection.6.3.2.18}{\376\377\0006\000.\0003\000.\0002\000.\0001\0008\000\040\000s\000e\000t\000G\000r\000a\000n\000u\000l\000a\000r\000i\000t\000y\000\050\000\051}{subsection.6.3.2}% 99
\BOOKMARK [3][-]{subsubsection.6.3.2.19}{\376\377\0006\000.\0003\000.\0002\000.\0001\0009\000\040\000s\000t\000e\000e\000p\000e\000s\000t\000G\000r\000a\000d\000i\000e\000n\000t\000\050\000\051}{subsection.6.3.2}% 100
\BOOKMARK [3][-]{subsubsection.6.3.2.20}{\376\377\0006\000.\0003\000.\0002\000.\0002\0000\000\040\000t\000i\000m\000e\000s\000V\000i\000s\000i\000t\000e\000d\000\050\000\051\000\040\000[\0001\000/\0002\000]}{subsection.6.3.2}% 101
\BOOKMARK [3][-]{subsubsection.6.3.2.21}{\376\377\0006\000.\0003\000.\0002\000.\0002\0001\000\040\000t\000i\000m\000e\000s\000V\000i\000s\000i\000t\000e\000d\000\050\000\051\000\040\000[\0002\000/\0002\000]}{subsection.6.3.2}% 102
\BOOKMARK [3][-]{subsubsection.6.3.2.22}{\376\377\0006\000.\0003\000.\0002\000.\0002\0002\000\040\000t\000o\000t\000a\000l\000H\000e\000i\000g\000h\000t\000G\000a\000i\000n\000\050\000\051}{subsection.6.3.2}% 103
\BOOKMARK [3][-]{subsubsection.6.3.2.23}{\376\377\0006\000.\0003\000.\0002\000.\0002\0003\000\040\000t\000o\000t\000a\000l\000L\000e\000n\000g\000t\000h\000\050\000\051}{subsection.6.3.2}% 104
\BOOKMARK [2][-]{subsection.6.3.3}{\376\377\0006\000.\0003\000.\0003\000\040\000M\000e\000m\000b\000e\000r\000\040\000D\000a\000t\000a\000\040\000D\000o\000c\000u\000m\000e\000n\000t\000a\000t\000i\000o\000n}{section.6.3}% 105
\BOOKMARK [3][-]{subsubsection.6.3.3.1}{\376\377\0006\000.\0003\000.\0003\000.\0001\000\040\000g\000r\000a\000n\000u\000l\000a\000r\000i\000t\000y}{subsection.6.3.3}% 106
\BOOKMARK [3][-]{subsubsection.6.3.3.2}{\376\377\0006\000.\0003\000.\0003\000.\0002\000\040\000p\000o\000s\000i\000t\000i\000o\000n\000N\000a\000m\000e\000s}{subsection.6.3.3}% 107
\BOOKMARK [3][-]{subsubsection.6.3.3.3}{\376\377\0006\000.\0003\000.\0003\000.\0003\000\040\000p\000o\000s\000i\000t\000i\000o\000n\000s}{subsection.6.3.3}% 108
\BOOKMARK [3][-]{subsubsection.6.3.3.4}{\376\377\0006\000.\0003\000.\0003\000.\0004\000\040\000r\000o\000u\000t\000e\000L\000e\000n\000g\000t\000h}{subsection.6.3.3}% 109
\BOOKMARK [3][-]{subsubsection.6.3.3.5}{\376\377\0006\000.\0003\000.\0003\000.\0005\000\040\000r\000o\000u\000t\000e\000N\000a\000m\000e}{subsection.6.3.3}% 110
\BOOKMARK [1][-]{section.6.4}{\376\377\0006\000.\0004\000\040\000G\000P\000S\000:\000:\000T\000r\000a\000c\000k\000\040\000C\000l\000a\000s\000s\000\040\000R\000e\000f\000e\000r\000e\000n\000c\000e}{chapter.6}% 111
\BOOKMARK [2][-]{subsection.6.4.1}{\376\377\0006\000.\0004\000.\0001\000\040\000C\000o\000n\000s\000t\000r\000u\000c\000t\000o\000r\000\040\000\046\000\040\000D\000e\000s\000t\000r\000u\000c\000t\000o\000r\000\040\000D\000o\000c\000u\000m\000e\000n\000t\000a\000t\000i\000o\000n}{section.6.4}% 112
\BOOKMARK [3][-]{subsubsection.6.4.1.1}{\376\377\0006\000.\0004\000.\0001\000.\0001\000\040\000T\000r\000a\000c\000k\000\050\000\051}{subsection.6.4.1}% 113
\BOOKMARK [2][-]{subsection.6.4.2}{\376\377\0006\000.\0004\000.\0002\000\040\000M\000e\000m\000b\000e\000r\000\040\000F\000u\000n\000c\000t\000i\000o\000n\000\040\000D\000o\000c\000u\000m\000e\000n\000t\000a\000t\000i\000o\000n}{section.6.4}% 114
\BOOKMARK [3][-]{subsubsection.6.4.2.1}{\376\377\0006\000.\0004\000.\0002\000.\0001\000\040\000a\000v\000e\000r\000a\000g\000e\000S\000p\000e\000e\000d\000\050\000\051}{subsection.6.4.2}% 115
\BOOKMARK [3][-]{subsubsection.6.4.2.2}{\376\377\0006\000.\0004\000.\0002\000.\0002\000\040\000l\000o\000n\000g\000e\000s\000t\000R\000e\000s\000t\000\050\000\051}{subsection.6.4.2}% 116
\BOOKMARK [3][-]{subsubsection.6.4.2.3}{\376\377\0006\000.\0004\000.\0002\000.\0003\000\040\000m\000a\000x\000R\000a\000t\000e\000O\000f\000A\000s\000c\000e\000n\000t\000\050\000\051}{subsection.6.4.2}% 117
\BOOKMARK [3][-]{subsubsection.6.4.2.4}{\376\377\0006\000.\0004\000.\0002\000.\0004\000\040\000m\000a\000x\000R\000a\000t\000e\000O\000f\000D\000e\000s\000c\000e\000n\000t\000\050\000\051}{subsection.6.4.2}% 118
\BOOKMARK [3][-]{subsubsection.6.4.2.5}{\376\377\0006\000.\0004\000.\0002\000.\0005\000\040\000m\000a\000x\000S\000p\000e\000e\000d\000\050\000\051}{subsection.6.4.2}% 119
\BOOKMARK [3][-]{subsubsection.6.4.2.6}{\376\377\0006\000.\0004\000.\0002\000.\0006\000\040\000r\000e\000s\000t\000i\000n\000g\000T\000i\000m\000e\000\050\000\051}{subsection.6.4.2}% 120
\BOOKMARK [3][-]{subsubsection.6.4.2.7}{\376\377\0006\000.\0004\000.\0002\000.\0007\000\040\000s\000e\000t\000G\000r\000a\000n\000u\000l\000a\000r\000i\000t\000y\000\050\000\051}{subsection.6.4.2}% 121
\BOOKMARK [3][-]{subsubsection.6.4.2.8}{\376\377\0006\000.\0004\000.\0002\000.\0008\000\040\000t\000o\000t\000a\000l\000T\000i\000m\000e\000\050\000\051}{subsection.6.4.2}% 122
\BOOKMARK [3][-]{subsubsection.6.4.2.9}{\376\377\0006\000.\0004\000.\0002\000.\0009\000\040\000t\000r\000a\000v\000e\000l\000l\000i\000n\000g\000T\000i\000m\000e\000\050\000\051}{subsection.6.4.2}% 123
\BOOKMARK [2][-]{subsection.6.4.3}{\376\377\0006\000.\0004\000.\0003\000\040\000M\000e\000m\000b\000e\000r\000\040\000D\000a\000t\000a\000\040\000D\000o\000c\000u\000m\000e\000n\000t\000a\000t\000i\000o\000n}{section.6.4}% 124
\BOOKMARK [3][-]{subsubsection.6.4.3.1}{\376\377\0006\000.\0004\000.\0003\000.\0001\000\040\000a\000r\000r\000i\000v\000e\000d}{subsection.6.4.3}% 125
\BOOKMARK [3][-]{subsubsection.6.4.3.2}{\376\377\0006\000.\0004\000.\0003\000.\0002\000\040\000d\000e\000p\000a\000r\000t\000e\000d}{subsection.6.4.3}% 126
\BOOKMARK [0][-]{chapter.7}{\376\377\0007\000\040\000F\000i\000l\000e\000\040\000D\000o\000c\000u\000m\000e\000n\000t\000a\000t\000i\000o\000n}{}% 127
\BOOKMARK [1][-]{section.7.1}{\376\377\0007\000.\0001\000\040\000e\000a\000r\000t\000h\000.\000c\000p\000p\000\040\000F\000i\000l\000e\000\040\000R\000e\000f\000e\000r\000e\000n\000c\000e}{chapter.7}% 128
\BOOKMARK [1][-]{section.7.2}{\376\377\0007\000.\0002\000\040\000e\000a\000r\000t\000h\000.\000h\000\040\000F\000i\000l\000e\000\040\000R\000e\000f\000e\000r\000e\000n\000c\000e}{chapter.7}% 129
\BOOKMARK [1][-]{section.7.3}{\376\377\0007\000.\0003\000\040\000g\000e\000o\000m\000e\000t\000r\000y\000.\000c\000p\000p\000\040\000F\000i\000l\000e\000\040\000R\000e\000f\000e\000r\000e\000n\000c\000e}{chapter.7}% 130
\BOOKMARK [1][-]{section.7.4}{\376\377\0007\000.\0004\000\040\000g\000e\000o\000m\000e\000t\000r\000y\000.\000h\000\040\000F\000i\000l\000e\000\040\000R\000e\000f\000e\000r\000e\000n\000c\000e}{chapter.7}% 131
\BOOKMARK [1][-]{section.7.5}{\376\377\0007\000.\0005\000\040\000g\000p\000x\000-\000t\000e\000s\000t\000s\000.\000c\000p\000p\000\040\000F\000i\000l\000e\000\040\000R\000e\000f\000e\000r\000e\000n\000c\000e}{chapter.7}% 132
\BOOKMARK [2][-]{subsection.7.5.1}{\376\377\0007\000.\0005\000.\0001\000\040\000M\000a\000c\000r\000o\000\040\000D\000e\000f\000i\000n\000i\000t\000i\000o\000n\000\040\000D\000o\000c\000u\000m\000e\000n\000t\000a\000t\000i\000o\000n}{section.7.5}% 133
\BOOKMARK [3][-]{subsubsection.7.5.1.1}{\376\377\0007\000.\0005\000.\0001\000.\0001\000\040\000B\000O\000O\000S\000T\000\137\000T\000E\000S\000T\000\137\000D\000Y\000N\000\137\000L\000I\000N\000K}{subsection.7.5.1}% 134
\BOOKMARK [3][-]{subsubsection.7.5.1.2}{\376\377\0007\000.\0005\000.\0001\000.\0002\000\040\000B\000O\000O\000S\000T\000\137\000T\000E\000S\000T\000\137\000M\000O\000D\000U\000L\000E}{subsection.7.5.1}% 135
\BOOKMARK [1][-]{section.7.6}{\376\377\0007\000.\0006\000\040\000l\000o\000g\000s\000.\000c\000p\000p\000\040\000F\000i\000l\000e\000\040\000R\000e\000f\000e\000r\000e\000n\000c\000e}{chapter.7}% 136
\BOOKMARK [1][-]{section.7.7}{\376\377\0007\000.\0007\000\040\000l\000o\000g\000s\000.\000h\000\040\000F\000i\000l\000e\000\040\000R\000e\000f\000e\000r\000e\000n\000c\000e}{chapter.7}% 137
\BOOKMARK [1][-]{section.7.8}{\376\377\0007\000.\0008\000\040\000n\000m\000e\000a\000-\000t\000e\000s\000t\000s\000.\000c\000p\000p\000\040\000F\000i\000l\000e\000\040\000R\000e\000f\000e\000r\000e\000n\000c\000e}{chapter.7}% 138
\BOOKMARK [2][-]{subsection.7.8.1}{\376\377\0007\000.\0008\000.\0001\000\040\000M\000a\000c\000r\000o\000\040\000D\000e\000f\000i\000n\000i\000t\000i\000o\000n\000\040\000D\000o\000c\000u\000m\000e\000n\000t\000a\000t\000i\000o\000n}{section.7.8}% 139
\BOOKMARK [3][-]{subsubsection.7.8.1.1}{\376\377\0007\000.\0008\000.\0001\000.\0001\000\040\000B\000O\000O\000S\000T\000\137\000T\000E\000S\000T\000\137\000D\000Y\000N\000\137\000L\000I\000N\000K}{subsection.7.8.1}% 140
\BOOKMARK [3][-]{subsubsection.7.8.1.2}{\376\377\0007\000.\0008\000.\0001\000.\0002\000\040\000B\000O\000O\000S\000T\000\137\000T\000E\000S\000T\000\137\000M\000O\000D\000U\000L\000E}{subsection.7.8.1}% 141
\BOOKMARK [2][-]{subsection.7.8.2}{\376\377\0007\000.\0008\000.\0002\000\040\000F\000u\000n\000c\000t\000i\000o\000n\000\040\000D\000o\000c\000u\000m\000e\000n\000t\000a\000t\000i\000o\000n}{section.7.8}% 142
\BOOKMARK [3][-]{subsubsection.7.8.2.1}{\376\377\0007\000.\0008\000.\0002\000.\0001\000\040\000B\000O\000O\000S\000T\000\137\000A\000U\000T\000O\000\137\000T\000E\000S\000T\000\137\000C\000A\000S\000E\000\050\000\051\000\040\000[\0001\000/\0006\0001\000]}{subsection.7.8.2}% 143
\BOOKMARK [3][-]{subsubsection.7.8.2.2}{\376\377\0007\000.\0008\000.\0002\000.\0002\000\040\000B\000O\000O\000S\000T\000\137\000A\000U\000T\000O\000\137\000T\000E\000S\000T\000\137\000C\000A\000S\000E\000\050\000\051\000\040\000[\0002\000/\0006\0001\000]}{subsection.7.8.2}% 144
\BOOKMARK [3][-]{subsubsection.7.8.2.3}{\376\377\0007\000.\0008\000.\0002\000.\0003\000\040\000B\000O\000O\000S\000T\000\137\000A\000U\000T\000O\000\137\000T\000E\000S\000T\000\137\000C\000A\000S\000E\000\050\000\051\000\040\000[\0003\000/\0006\0001\000]}{subsection.7.8.2}% 145
\BOOKMARK [3][-]{subsubsection.7.8.2.4}{\376\377\0007\000.\0008\000.\0002\000.\0004\000\040\000B\000O\000O\000S\000T\000\137\000A\000U\000T\000O\000\137\000T\000E\000S\000T\000\137\000C\000A\000S\000E\000\050\000\051\000\040\000[\0004\000/\0006\0001\000]}{subsection.7.8.2}% 146
\BOOKMARK [3][-]{subsubsection.7.8.2.5}{\376\377\0007\000.\0008\000.\0002\000.\0005\000\040\000B\000O\000O\000S\000T\000\137\000A\000U\000T\000O\000\137\000T\000E\000S\000T\000\137\000C\000A\000S\000E\000\050\000\051\000\040\000[\0005\000/\0006\0001\000]}{subsection.7.8.2}% 147
\BOOKMARK [3][-]{subsubsection.7.8.2.6}{\376\377\0007\000.\0008\000.\0002\000.\0006\000\040\000B\000O\000O\000S\000T\000\137\000A\000U\000T\000O\000\137\000T\000E\000S\000T\000\137\000C\000A\000S\000E\000\050\000\051\000\040\000[\0006\000/\0006\0001\000]}{subsection.7.8.2}% 148
\BOOKMARK [3][-]{subsubsection.7.8.2.7}{\376\377\0007\000.\0008\000.\0002\000.\0007\000\040\000B\000O\000O\000S\000T\000\137\000A\000U\000T\000O\000\137\000T\000E\000S\000T\000\137\000C\000A\000S\000E\000\050\000\051\000\040\000[\0007\000/\0006\0001\000]}{subsection.7.8.2}% 149
\BOOKMARK [3][-]{subsubsection.7.8.2.8}{\376\377\0007\000.\0008\000.\0002\000.\0008\000\040\000B\000O\000O\000S\000T\000\137\000A\000U\000T\000O\000\137\000T\000E\000S\000T\000\137\000C\000A\000S\000E\000\050\000\051\000\040\000[\0008\000/\0006\0001\000]}{subsection.7.8.2}% 150
\BOOKMARK [3][-]{subsubsection.7.8.2.9}{\376\377\0007\000.\0008\000.\0002\000.\0009\000\040\000B\000O\000O\000S\000T\000\137\000A\000U\000T\000O\000\137\000T\000E\000S\000T\000\137\000C\000A\000S\000E\000\050\000\051\000\040\000[\0009\000/\0006\0001\000]}{subsection.7.8.2}% 151
\BOOKMARK [3][-]{subsubsection.7.8.2.10}{\376\377\0007\000.\0008\000.\0002\000.\0001\0000\000\040\000B\000O\000O\000S\000T\000\137\000A\000U\000T\000O\000\137\000T\000E\000S\000T\000\137\000C\000A\000S\000E\000\050\000\051\000\040\000[\0001\0000\000/\0006\0001\000]}{subsection.7.8.2}% 152
\BOOKMARK [3][-]{subsubsection.7.8.2.11}{\376\377\0007\000.\0008\000.\0002\000.\0001\0001\000\040\000B\000O\000O\000S\000T\000\137\000A\000U\000T\000O\000\137\000T\000E\000S\000T\000\137\000C\000A\000S\000E\000\050\000\051\000\040\000[\0001\0001\000/\0006\0001\000]}{subsection.7.8.2}% 153
\BOOKMARK [3][-]{subsubsection.7.8.2.12}{\376\377\0007\000.\0008\000.\0002\000.\0001\0002\000\040\000B\000O\000O\000S\000T\000\137\000A\000U\000T\000O\000\137\000T\000E\000S\000T\000\137\000C\000A\000S\000E\000\050\000\051\000\040\000[\0001\0002\000/\0006\0001\000]}{subsection.7.8.2}% 154
\BOOKMARK [3][-]{subsubsection.7.8.2.13}{\376\377\0007\000.\0008\000.\0002\000.\0001\0003\000\040\000B\000O\000O\000S\000T\000\137\000A\000U\000T\000O\000\137\000T\000E\000S\000T\000\137\000C\000A\000S\000E\000\050\000\051\000\040\000[\0001\0003\000/\0006\0001\000]}{subsection.7.8.2}% 155
\BOOKMARK [3][-]{subsubsection.7.8.2.14}{\376\377\0007\000.\0008\000.\0002\000.\0001\0004\000\040\000B\000O\000O\000S\000T\000\137\000A\000U\000T\000O\000\137\000T\000E\000S\000T\000\137\000C\000A\000S\000E\000\050\000\051\000\040\000[\0001\0004\000/\0006\0001\000]}{subsection.7.8.2}% 156
\BOOKMARK [3][-]{subsubsection.7.8.2.15}{\376\377\0007\000.\0008\000.\0002\000.\0001\0005\000\040\000B\000O\000O\000S\000T\000\137\000A\000U\000T\000O\000\137\000T\000E\000S\000T\000\137\000C\000A\000S\000E\000\050\000\051\000\040\000[\0001\0005\000/\0006\0001\000]}{subsection.7.8.2}% 157
\BOOKMARK [3][-]{subsubsection.7.8.2.16}{\376\377\0007\000.\0008\000.\0002\000.\0001\0006\000\040\000B\000O\000O\000S\000T\000\137\000A\000U\000T\000O\000\137\000T\000E\000S\000T\000\137\000C\000A\000S\000E\000\050\000\051\000\040\000[\0001\0006\000/\0006\0001\000]}{subsection.7.8.2}% 158
\BOOKMARK [3][-]{subsubsection.7.8.2.17}{\376\377\0007\000.\0008\000.\0002\000.\0001\0007\000\040\000B\000O\000O\000S\000T\000\137\000A\000U\000T\000O\000\137\000T\000E\000S\000T\000\137\000C\000A\000S\000E\000\050\000\051\000\040\000[\0001\0007\000/\0006\0001\000]}{subsection.7.8.2}% 159
\BOOKMARK [3][-]{subsubsection.7.8.2.18}{\376\377\0007\000.\0008\000.\0002\000.\0001\0008\000\040\000B\000O\000O\000S\000T\000\137\000A\000U\000T\000O\000\137\000T\000E\000S\000T\000\137\000C\000A\000S\000E\000\050\000\051\000\040\000[\0001\0008\000/\0006\0001\000]}{subsection.7.8.2}% 160
\BOOKMARK [3][-]{subsubsection.7.8.2.19}{\376\377\0007\000.\0008\000.\0002\000.\0001\0009\000\040\000B\000O\000O\000S\000T\000\137\000A\000U\000T\000O\000\137\000T\000E\000S\000T\000\137\000C\000A\000S\000E\000\050\000\051\000\040\000[\0001\0009\000/\0006\0001\000]}{subsection.7.8.2}% 161
\BOOKMARK [3][-]{subsubsection.7.8.2.20}{\376\377\0007\000.\0008\000.\0002\000.\0002\0000\000\040\000B\000O\000O\000S\000T\000\137\000A\000U\000T\000O\000\137\000T\000E\000S\000T\000\137\000C\000A\000S\000E\000\050\000\051\000\040\000[\0002\0000\000/\0006\0001\000]}{subsection.7.8.2}% 162
\BOOKMARK [3][-]{subsubsection.7.8.2.21}{\376\377\0007\000.\0008\000.\0002\000.\0002\0001\000\040\000B\000O\000O\000S\000T\000\137\000A\000U\000T\000O\000\137\000T\000E\000S\000T\000\137\000C\000A\000S\000E\000\050\000\051\000\040\000[\0002\0001\000/\0006\0001\000]}{subsection.7.8.2}% 163
\BOOKMARK [3][-]{subsubsection.7.8.2.22}{\376\377\0007\000.\0008\000.\0002\000.\0002\0002\000\040\000B\000O\000O\000S\000T\000\137\000A\000U\000T\000O\000\137\000T\000E\000S\000T\000\137\000C\000A\000S\000E\000\050\000\051\000\040\000[\0002\0002\000/\0006\0001\000]}{subsection.7.8.2}% 164
\BOOKMARK [3][-]{subsubsection.7.8.2.23}{\376\377\0007\000.\0008\000.\0002\000.\0002\0003\000\040\000B\000O\000O\000S\000T\000\137\000A\000U\000T\000O\000\137\000T\000E\000S\000T\000\137\000C\000A\000S\000E\000\050\000\051\000\040\000[\0002\0003\000/\0006\0001\000]}{subsection.7.8.2}% 165
\BOOKMARK [3][-]{subsubsection.7.8.2.24}{\376\377\0007\000.\0008\000.\0002\000.\0002\0004\000\040\000B\000O\000O\000S\000T\000\137\000A\000U\000T\000O\000\137\000T\000E\000S\000T\000\137\000C\000A\000S\000E\000\050\000\051\000\040\000[\0002\0004\000/\0006\0001\000]}{subsection.7.8.2}% 166
\BOOKMARK [3][-]{subsubsection.7.8.2.25}{\376\377\0007\000.\0008\000.\0002\000.\0002\0005\000\040\000B\000O\000O\000S\000T\000\137\000A\000U\000T\000O\000\137\000T\000E\000S\000T\000\137\000C\000A\000S\000E\000\050\000\051\000\040\000[\0002\0005\000/\0006\0001\000]}{subsection.7.8.2}% 167
\BOOKMARK [3][-]{subsubsection.7.8.2.26}{\376\377\0007\000.\0008\000.\0002\000.\0002\0006\000\040\000B\000O\000O\000S\000T\000\137\000A\000U\000T\000O\000\137\000T\000E\000S\000T\000\137\000C\000A\000S\000E\000\050\000\051\000\040\000[\0002\0006\000/\0006\0001\000]}{subsection.7.8.2}% 168
\BOOKMARK [3][-]{subsubsection.7.8.2.27}{\376\377\0007\000.\0008\000.\0002\000.\0002\0007\000\040\000B\000O\000O\000S\000T\000\137\000A\000U\000T\000O\000\137\000T\000E\000S\000T\000\137\000C\000A\000S\000E\000\050\000\051\000\040\000[\0002\0007\000/\0006\0001\000]}{subsection.7.8.2}% 169
\BOOKMARK [3][-]{subsubsection.7.8.2.28}{\376\377\0007\000.\0008\000.\0002\000.\0002\0008\000\040\000B\000O\000O\000S\000T\000\137\000A\000U\000T\000O\000\137\000T\000E\000S\000T\000\137\000C\000A\000S\000E\000\050\000\051\000\040\000[\0002\0008\000/\0006\0001\000]}{subsection.7.8.2}% 170
\BOOKMARK [3][-]{subsubsection.7.8.2.29}{\376\377\0007\000.\0008\000.\0002\000.\0002\0009\000\040\000B\000O\000O\000S\000T\000\137\000A\000U\000T\000O\000\137\000T\000E\000S\000T\000\137\000C\000A\000S\000E\000\050\000\051\000\040\000[\0002\0009\000/\0006\0001\000]}{subsection.7.8.2}% 171
\BOOKMARK [3][-]{subsubsection.7.8.2.30}{\376\377\0007\000.\0008\000.\0002\000.\0003\0000\000\040\000B\000O\000O\000S\000T\000\137\000A\000U\000T\000O\000\137\000T\000E\000S\000T\000\137\000C\000A\000S\000E\000\050\000\051\000\040\000[\0003\0000\000/\0006\0001\000]}{subsection.7.8.2}% 172
\BOOKMARK [3][-]{subsubsection.7.8.2.31}{\376\377\0007\000.\0008\000.\0002\000.\0003\0001\000\040\000B\000O\000O\000S\000T\000\137\000A\000U\000T\000O\000\137\000T\000E\000S\000T\000\137\000C\000A\000S\000E\000\050\000\051\000\040\000[\0003\0001\000/\0006\0001\000]}{subsection.7.8.2}% 173
\BOOKMARK [3][-]{subsubsection.7.8.2.32}{\376\377\0007\000.\0008\000.\0002\000.\0003\0002\000\040\000B\000O\000O\000S\000T\000\137\000A\000U\000T\000O\000\137\000T\000E\000S\000T\000\137\000C\000A\000S\000E\000\050\000\051\000\040\000[\0003\0002\000/\0006\0001\000]}{subsection.7.8.2}% 174
\BOOKMARK [3][-]{subsubsection.7.8.2.33}{\376\377\0007\000.\0008\000.\0002\000.\0003\0003\000\040\000B\000O\000O\000S\000T\000\137\000A\000U\000T\000O\000\137\000T\000E\000S\000T\000\137\000C\000A\000S\000E\000\050\000\051\000\040\000[\0003\0003\000/\0006\0001\000]}{subsection.7.8.2}% 175
\BOOKMARK [3][-]{subsubsection.7.8.2.34}{\376\377\0007\000.\0008\000.\0002\000.\0003\0004\000\040\000B\000O\000O\000S\000T\000\137\000A\000U\000T\000O\000\137\000T\000E\000S\000T\000\137\000C\000A\000S\000E\000\050\000\051\000\040\000[\0003\0004\000/\0006\0001\000]}{subsection.7.8.2}% 176
\BOOKMARK [3][-]{subsubsection.7.8.2.35}{\376\377\0007\000.\0008\000.\0002\000.\0003\0005\000\040\000B\000O\000O\000S\000T\000\137\000A\000U\000T\000O\000\137\000T\000E\000S\000T\000\137\000C\000A\000S\000E\000\050\000\051\000\040\000[\0003\0005\000/\0006\0001\000]}{subsection.7.8.2}% 177
\BOOKMARK [3][-]{subsubsection.7.8.2.36}{\376\377\0007\000.\0008\000.\0002\000.\0003\0006\000\040\000B\000O\000O\000S\000T\000\137\000A\000U\000T\000O\000\137\000T\000E\000S\000T\000\137\000C\000A\000S\000E\000\050\000\051\000\040\000[\0003\0006\000/\0006\0001\000]}{subsection.7.8.2}% 178
\BOOKMARK [3][-]{subsubsection.7.8.2.37}{\376\377\0007\000.\0008\000.\0002\000.\0003\0007\000\040\000B\000O\000O\000S\000T\000\137\000A\000U\000T\000O\000\137\000T\000E\000S\000T\000\137\000C\000A\000S\000E\000\050\000\051\000\040\000[\0003\0007\000/\0006\0001\000]}{subsection.7.8.2}% 179
\BOOKMARK [3][-]{subsubsection.7.8.2.38}{\376\377\0007\000.\0008\000.\0002\000.\0003\0008\000\040\000B\000O\000O\000S\000T\000\137\000A\000U\000T\000O\000\137\000T\000E\000S\000T\000\137\000C\000A\000S\000E\000\050\000\051\000\040\000[\0003\0008\000/\0006\0001\000]}{subsection.7.8.2}% 180
\BOOKMARK [3][-]{subsubsection.7.8.2.39}{\376\377\0007\000.\0008\000.\0002\000.\0003\0009\000\040\000B\000O\000O\000S\000T\000\137\000A\000U\000T\000O\000\137\000T\000E\000S\000T\000\137\000C\000A\000S\000E\000\050\000\051\000\040\000[\0003\0009\000/\0006\0001\000]}{subsection.7.8.2}% 181
\BOOKMARK [3][-]{subsubsection.7.8.2.40}{\376\377\0007\000.\0008\000.\0002\000.\0004\0000\000\040\000B\000O\000O\000S\000T\000\137\000A\000U\000T\000O\000\137\000T\000E\000S\000T\000\137\000C\000A\000S\000E\000\050\000\051\000\040\000[\0004\0000\000/\0006\0001\000]}{subsection.7.8.2}% 182
\BOOKMARK [3][-]{subsubsection.7.8.2.41}{\376\377\0007\000.\0008\000.\0002\000.\0004\0001\000\040\000B\000O\000O\000S\000T\000\137\000A\000U\000T\000O\000\137\000T\000E\000S\000T\000\137\000C\000A\000S\000E\000\050\000\051\000\040\000[\0004\0001\000/\0006\0001\000]}{subsection.7.8.2}% 183
\BOOKMARK [3][-]{subsubsection.7.8.2.42}{\376\377\0007\000.\0008\000.\0002\000.\0004\0002\000\040\000B\000O\000O\000S\000T\000\137\000A\000U\000T\000O\000\137\000T\000E\000S\000T\000\137\000C\000A\000S\000E\000\050\000\051\000\040\000[\0004\0002\000/\0006\0001\000]}{subsection.7.8.2}% 184
\BOOKMARK [3][-]{subsubsection.7.8.2.43}{\376\377\0007\000.\0008\000.\0002\000.\0004\0003\000\040\000B\000O\000O\000S\000T\000\137\000A\000U\000T\000O\000\137\000T\000E\000S\000T\000\137\000C\000A\000S\000E\000\050\000\051\000\040\000[\0004\0003\000/\0006\0001\000]}{subsection.7.8.2}% 185
\BOOKMARK [3][-]{subsubsection.7.8.2.44}{\376\377\0007\000.\0008\000.\0002\000.\0004\0004\000\040\000B\000O\000O\000S\000T\000\137\000A\000U\000T\000O\000\137\000T\000E\000S\000T\000\137\000C\000A\000S\000E\000\050\000\051\000\040\000[\0004\0004\000/\0006\0001\000]}{subsection.7.8.2}% 186
\BOOKMARK [3][-]{subsubsection.7.8.2.45}{\376\377\0007\000.\0008\000.\0002\000.\0004\0005\000\040\000B\000O\000O\000S\000T\000\137\000A\000U\000T\000O\000\137\000T\000E\000S\000T\000\137\000C\000A\000S\000E\000\050\000\051\000\040\000[\0004\0005\000/\0006\0001\000]}{subsection.7.8.2}% 187
\BOOKMARK [3][-]{subsubsection.7.8.2.46}{\376\377\0007\000.\0008\000.\0002\000.\0004\0006\000\040\000B\000O\000O\000S\000T\000\137\000A\000U\000T\000O\000\137\000T\000E\000S\000T\000\137\000C\000A\000S\000E\000\050\000\051\000\040\000[\0004\0006\000/\0006\0001\000]}{subsection.7.8.2}% 188
\BOOKMARK [3][-]{subsubsection.7.8.2.47}{\376\377\0007\000.\0008\000.\0002\000.\0004\0007\000\040\000B\000O\000O\000S\000T\000\137\000A\000U\000T\000O\000\137\000T\000E\000S\000T\000\137\000C\000A\000S\000E\000\050\000\051\000\040\000[\0004\0007\000/\0006\0001\000]}{subsection.7.8.2}% 189
\BOOKMARK [3][-]{subsubsection.7.8.2.48}{\376\377\0007\000.\0008\000.\0002\000.\0004\0008\000\040\000B\000O\000O\000S\000T\000\137\000A\000U\000T\000O\000\137\000T\000E\000S\000T\000\137\000C\000A\000S\000E\000\050\000\051\000\040\000[\0004\0008\000/\0006\0001\000]}{subsection.7.8.2}% 190
\BOOKMARK [3][-]{subsubsection.7.8.2.49}{\376\377\0007\000.\0008\000.\0002\000.\0004\0009\000\040\000B\000O\000O\000S\000T\000\137\000A\000U\000T\000O\000\137\000T\000E\000S\000T\000\137\000C\000A\000S\000E\000\050\000\051\000\040\000[\0004\0009\000/\0006\0001\000]}{subsection.7.8.2}% 191
\BOOKMARK [3][-]{subsubsection.7.8.2.50}{\376\377\0007\000.\0008\000.\0002\000.\0005\0000\000\040\000B\000O\000O\000S\000T\000\137\000A\000U\000T\000O\000\137\000T\000E\000S\000T\000\137\000C\000A\000S\000E\000\050\000\051\000\040\000[\0005\0000\000/\0006\0001\000]}{subsection.7.8.2}% 192
\BOOKMARK [3][-]{subsubsection.7.8.2.51}{\376\377\0007\000.\0008\000.\0002\000.\0005\0001\000\040\000B\000O\000O\000S\000T\000\137\000A\000U\000T\000O\000\137\000T\000E\000S\000T\000\137\000C\000A\000S\000E\000\050\000\051\000\040\000[\0005\0001\000/\0006\0001\000]}{subsection.7.8.2}% 193
\BOOKMARK [3][-]{subsubsection.7.8.2.52}{\376\377\0007\000.\0008\000.\0002\000.\0005\0002\000\040\000B\000O\000O\000S\000T\000\137\000A\000U\000T\000O\000\137\000T\000E\000S\000T\000\137\000C\000A\000S\000E\000\050\000\051\000\040\000[\0005\0002\000/\0006\0001\000]}{subsection.7.8.2}% 194
\BOOKMARK [3][-]{subsubsection.7.8.2.53}{\376\377\0007\000.\0008\000.\0002\000.\0005\0003\000\040\000B\000O\000O\000S\000T\000\137\000A\000U\000T\000O\000\137\000T\000E\000S\000T\000\137\000C\000A\000S\000E\000\050\000\051\000\040\000[\0005\0003\000/\0006\0001\000]}{subsection.7.8.2}% 195
\BOOKMARK [3][-]{subsubsection.7.8.2.54}{\376\377\0007\000.\0008\000.\0002\000.\0005\0004\000\040\000B\000O\000O\000S\000T\000\137\000A\000U\000T\000O\000\137\000T\000E\000S\000T\000\137\000C\000A\000S\000E\000\050\000\051\000\040\000[\0005\0004\000/\0006\0001\000]}{subsection.7.8.2}% 196
\BOOKMARK [3][-]{subsubsection.7.8.2.55}{\376\377\0007\000.\0008\000.\0002\000.\0005\0005\000\040\000B\000O\000O\000S\000T\000\137\000A\000U\000T\000O\000\137\000T\000E\000S\000T\000\137\000C\000A\000S\000E\000\050\000\051\000\040\000[\0005\0005\000/\0006\0001\000]}{subsection.7.8.2}% 197
\BOOKMARK [3][-]{subsubsection.7.8.2.56}{\376\377\0007\000.\0008\000.\0002\000.\0005\0006\000\040\000B\000O\000O\000S\000T\000\137\000A\000U\000T\000O\000\137\000T\000E\000S\000T\000\137\000C\000A\000S\000E\000\050\000\051\000\040\000[\0005\0006\000/\0006\0001\000]}{subsection.7.8.2}% 198
\BOOKMARK [3][-]{subsubsection.7.8.2.57}{\376\377\0007\000.\0008\000.\0002\000.\0005\0007\000\040\000B\000O\000O\000S\000T\000\137\000A\000U\000T\000O\000\137\000T\000E\000S\000T\000\137\000C\000A\000S\000E\000\050\000\051\000\040\000[\0005\0007\000/\0006\0001\000]}{subsection.7.8.2}% 199
\BOOKMARK [3][-]{subsubsection.7.8.2.58}{\376\377\0007\000.\0008\000.\0002\000.\0005\0008\000\040\000B\000O\000O\000S\000T\000\137\000A\000U\000T\000O\000\137\000T\000E\000S\000T\000\137\000C\000A\000S\000E\000\050\000\051\000\040\000[\0005\0008\000/\0006\0001\000]}{subsection.7.8.2}% 200
\BOOKMARK [3][-]{subsubsection.7.8.2.59}{\376\377\0007\000.\0008\000.\0002\000.\0005\0009\000\040\000B\000O\000O\000S\000T\000\137\000A\000U\000T\000O\000\137\000T\000E\000S\000T\000\137\000C\000A\000S\000E\000\050\000\051\000\040\000[\0005\0009\000/\0006\0001\000]}{subsection.7.8.2}% 201
\BOOKMARK [3][-]{subsubsection.7.8.2.60}{\376\377\0007\000.\0008\000.\0002\000.\0006\0000\000\040\000B\000O\000O\000S\000T\000\137\000A\000U\000T\000O\000\137\000T\000E\000S\000T\000\137\000C\000A\000S\000E\000\050\000\051\000\040\000[\0006\0000\000/\0006\0001\000]}{subsection.7.8.2}% 202
\BOOKMARK [3][-]{subsubsection.7.8.2.61}{\376\377\0007\000.\0008\000.\0002\000.\0006\0001\000\040\000B\000O\000O\000S\000T\000\137\000A\000U\000T\000O\000\137\000T\000E\000S\000T\000\137\000C\000A\000S\000E\000\050\000\051\000\040\000[\0006\0001\000/\0006\0001\000]}{subsection.7.8.2}% 203
\BOOKMARK [2][-]{subsection.7.8.3}{\376\377\0007\000.\0008\000.\0003\000\040\000V\000a\000r\000i\000a\000b\000l\000e\000\040\000D\000o\000c\000u\000m\000e\000n\000t\000a\000t\000i\000o\000n}{section.7.8}% 204
\BOOKMARK [3][-]{subsubsection.7.8.3.1}{\376\377\0007\000.\0008\000.\0003\000.\0001\000\040\000e\000p\000s\000i\000l\000o\000n}{subsection.7.8.3}% 205
\BOOKMARK [3][-]{subsubsection.7.8.3.2}{\376\377\0007\000.\0008\000.\0003\000.\0002\000\040\000g\000l\000l\000P\000o\000s}{subsection.7.8.3}% 206
\BOOKMARK [3][-]{subsubsection.7.8.3.3}{\376\377\0007\000.\0008\000.\0003\000.\0003\000\040\000p\000e\000r\000c\000e\000n\000t\000a\000g\000e\000A\000c\000c\000u\000r\000a\000c\000y}{subsection.7.8.3}% 207
\BOOKMARK [3][-]{subsubsection.7.8.3.4}{\376\377\0007\000.\0008\000.\0003\000.\0004\000\040\000r\000m\000c\000P\000o\000s}{subsection.7.8.3}% 208
\BOOKMARK [3][-]{subsubsection.7.8.3.5}{\376\377\0007\000.\0008\000.\0003\000.\0005\000\040\000v\000a\000l\000i\000d\000G\000L\000L\000S\000e\000n\000t\000e\000n\000c\000e}{subsection.7.8.3}% 209
\BOOKMARK [3][-]{subsubsection.7.8.3.6}{\376\377\0007\000.\0008\000.\0003\000.\0006\000\040\000v\000a\000l\000i\000d\000M\000S\000S\000S\000e\000n\000t\000e\000n\000c\000e}{subsection.7.8.3}% 210
\BOOKMARK [3][-]{subsubsection.7.8.3.7}{\376\377\0007\000.\0008\000.\0003\000.\0007\000\040\000v\000a\000l\000i\000d\000R\000M\000C\000S\000e\000n\000t\000e\000n\000c\000e}{subsection.7.8.3}% 211
\BOOKMARK [1][-]{section.7.9}{\376\377\0007\000.\0009\000\040\000p\000a\000r\000s\000e\000N\000M\000E\000A\000.\000c\000p\000p\000\040\000F\000i\000l\000e\000\040\000R\000e\000f\000e\000r\000e\000n\000c\000e}{chapter.7}% 212
\BOOKMARK [1][-]{section.7.10}{\376\377\0007\000.\0001\0000\000\040\000p\000a\000r\000s\000e\000N\000M\000E\000A\000.\000h\000\040\000F\000i\000l\000e\000\040\000R\000e\000f\000e\000r\000e\000n\000c\000e}{chapter.7}% 213
\BOOKMARK [1][-]{section.7.11}{\376\377\0007\000.\0001\0001\000\040\000p\000o\000s\000i\000t\000i\000o\000n\000.\000c\000p\000p\000\040\000F\000i\000l\000e\000\040\000R\000e\000f\000e\000r\000e\000n\000c\000e}{chapter.7}% 214
\BOOKMARK [1][-]{section.7.12}{\376\377\0007\000.\0001\0002\000\040\000p\000o\000s\000i\000t\000i\000o\000n\000.\000h\000\040\000F\000i\000l\000e\000\040\000R\000e\000f\000e\000r\000e\000n\000c\000e}{chapter.7}% 215
\BOOKMARK [1][-]{section.7.13}{\376\377\0007\000.\0001\0003\000\040\000r\000o\000u\000t\000e\000.\000c\000p\000p\000\040\000F\000i\000l\000e\000\040\000R\000e\000f\000e\000r\000e\000n\000c\000e}{chapter.7}% 216
\BOOKMARK [1][-]{section.7.14}{\376\377\0007\000.\0001\0004\000\040\000r\000o\000u\000t\000e\000.\000h\000\040\000F\000i\000l\000e\000\040\000R\000e\000f\000e\000r\000e\000n\000c\000e}{chapter.7}% 217
\BOOKMARK [1][-]{section.7.15}{\376\377\0007\000.\0001\0005\000\040\000t\000i\000m\000e\000s\000V\000i\000s\000i\000t\000e\000d\000\050\000s\000t\000r\000i\000n\000g\000\051\000.\000c\000p\000p\000\040\000F\000i\000l\000e\000\040\000R\000e\000f\000e\000r\000e\000n\000c\000e}{chapter.7}% 218
\BOOKMARK [2][-]{subsection.7.15.1}{\376\377\0007\000.\0001\0005\000.\0001\000\040\000F\000u\000n\000c\000t\000i\000o\000n\000\040\000D\000o\000c\000u\000m\000e\000n\000t\000a\000t\000i\000o\000n}{section.7.15}% 219
\BOOKMARK [3][-]{subsubsection.7.15.1.1}{\376\377\0007\000.\0001\0005\000.\0001\000.\0001\000\040\000B\000O\000O\000S\000T\000\137\000A\000U\000T\000O\000\137\000T\000E\000S\000T\000\137\000C\000A\000S\000E\000\050\000\051\000\040\000[\0001\000/\0009\000]}{subsection.7.15.1}% 220
\BOOKMARK [3][-]{subsubsection.7.15.1.2}{\376\377\0007\000.\0001\0005\000.\0001\000.\0002\000\040\000B\000O\000O\000S\000T\000\137\000A\000U\000T\000O\000\137\000T\000E\000S\000T\000\137\000C\000A\000S\000E\000\050\000\051\000\040\000[\0002\000/\0009\000]}{subsection.7.15.1}% 221
\BOOKMARK [3][-]{subsubsection.7.15.1.3}{\376\377\0007\000.\0001\0005\000.\0001\000.\0003\000\040\000B\000O\000O\000S\000T\000\137\000A\000U\000T\000O\000\137\000T\000E\000S\000T\000\137\000C\000A\000S\000E\000\050\000\051\000\040\000[\0003\000/\0009\000]}{subsection.7.15.1}% 222
\BOOKMARK [3][-]{subsubsection.7.15.1.4}{\376\377\0007\000.\0001\0005\000.\0001\000.\0004\000\040\000B\000O\000O\000S\000T\000\137\000A\000U\000T\000O\000\137\000T\000E\000S\000T\000\137\000C\000A\000S\000E\000\050\000\051\000\040\000[\0004\000/\0009\000]}{subsection.7.15.1}% 223
\BOOKMARK [3][-]{subsubsection.7.15.1.5}{\376\377\0007\000.\0001\0005\000.\0001\000.\0005\000\040\000B\000O\000O\000S\000T\000\137\000A\000U\000T\000O\000\137\000T\000E\000S\000T\000\137\000C\000A\000S\000E\000\050\000\051\000\040\000[\0005\000/\0009\000]}{subsection.7.15.1}% 224
\BOOKMARK [3][-]{subsubsection.7.15.1.6}{\376\377\0007\000.\0001\0005\000.\0001\000.\0006\000\040\000B\000O\000O\000S\000T\000\137\000A\000U\000T\000O\000\137\000T\000E\000S\000T\000\137\000C\000A\000S\000E\000\050\000\051\000\040\000[\0006\000/\0009\000]}{subsection.7.15.1}% 225
\BOOKMARK [3][-]{subsubsection.7.15.1.7}{\376\377\0007\000.\0001\0005\000.\0001\000.\0007\000\040\000B\000O\000O\000S\000T\000\137\000A\000U\000T\000O\000\137\000T\000E\000S\000T\000\137\000C\000A\000S\000E\000\050\000\051\000\040\000[\0007\000/\0009\000]}{subsection.7.15.1}% 226
\BOOKMARK [3][-]{subsubsection.7.15.1.8}{\376\377\0007\000.\0001\0005\000.\0001\000.\0008\000\040\000B\000O\000O\000S\000T\000\137\000A\000U\000T\000O\000\137\000T\000E\000S\000T\000\137\000C\000A\000S\000E\000\050\000\051\000\040\000[\0008\000/\0009\000]}{subsection.7.15.1}% 227
\BOOKMARK [3][-]{subsubsection.7.15.1.9}{\376\377\0007\000.\0001\0005\000.\0001\000.\0009\000\040\000B\000O\000O\000S\000T\000\137\000A\000U\000T\000O\000\137\000T\000E\000S\000T\000\137\000C\000A\000S\000E\000\050\000\051\000\040\000[\0009\000/\0009\000]}{subsection.7.15.1}% 228
\BOOKMARK [2][-]{subsection.7.15.2}{\376\377\0007\000.\0001\0005\000.\0002\000\040\000V\000a\000r\000i\000a\000b\000l\000e\000\040\000D\000o\000c\000u\000m\000e\000n\000t\000a\000t\000i\000o\000n}{section.7.15}% 229
\BOOKMARK [3][-]{subsubsection.7.15.2.1}{\376\377\0007\000.\0001\0005\000.\0002\000.\0001\000\040\000i\000s\000F\000i\000l\000e\000N\000a\000m\000e}{subsection.7.15.2}% 230
\BOOKMARK [1][-]{section.7.16}{\376\377\0007\000.\0001\0006\000\040\000t\000r\000a\000c\000k\000.\000c\000p\000p\000\040\000F\000i\000l\000e\000\040\000R\000e\000f\000e\000r\000e\000n\000c\000e}{chapter.7}% 231
\BOOKMARK [1][-]{section.7.17}{\376\377\0007\000.\0001\0007\000\040\000t\000r\000a\000c\000k\000.\000h\000\040\000F\000i\000l\000e\000\040\000R\000e\000f\000e\000r\000e\000n\000c\000e}{chapter.7}% 232
\BOOKMARK [1][-]{section.7.18}{\376\377\0007\000.\0001\0008\000\040\000t\000y\000p\000e\000s\000.\000h\000\040\000F\000i\000l\000e\000\040\000R\000e\000f\000e\000r\000e\000n\000c\000e}{chapter.7}% 233
\BOOKMARK [0][-]{section*.58}{\376\377\000I\000n\000d\000e\000x}{}% 234
